# JRE version: OpenJDK Runtime Environment Temurin-25.0.2+10 (25.0.2+10) (build 25.0.2+10-LTS)
# Java VM: OpenJDK 64-Bit Server VM Temurin-25.0.2+10 (25.0.2+10-LTS, mixed mode, sharing, tiered, compressed oops, compressed class ptrs, g1 gc, windows-amd64)
GC Precious Log:
 CardTable entry size: 512
 Card Set container configuration: InlinePtr #cards 5 size 8 Array Of Cards #cards 10 size 36 Howl #buckets 4 coarsen threshold 1843 Howl Bitmap #cards 512 size 80 coarsen threshold 460 Card regions per heap region 1 cards per card region 2048
 CPUs: 4 total, 4 available
 Memory: 7926M
 Large Page Support: Disabled
 NUMA Support: Disabled
 Compressed Oops: Enabled (32-bit)
 Heap Region Size: 1M
 Heap Min Capacity: 8M
 Heap Initial Capacity: 124M
 Heap Max Capacity: 1982M
 Pre-touch: Disabled
 Parallel Workers: 4
 Concurrent Workers: 1
 Concurrent Refinement Workers: 4
 Periodic GC: Disabled
 String Deduplication is enabled
Heap:
 garbage-first heap   total reserved 2029568K, committed 264192K, used 143249K [0x0000000084200000, 0x0000000100000000)
  region size 1024K, 37 young (37888K), 0 survivors (0K)
GC Heap Usage History (20 events):
Event: 153.799 {heap Before GC invocations=43 (full 0):
 garbage-first heap   total reserved 2029568K, committed 264192K, used 130048K [0x0000000084200000, 0x0000000100000000)
  region size 1024K, 23 young (23552K), 12 survivors (12288K)
}
Event: 153.813 {heap After GC invocations=44 (full 0):
 garbage-first heap   total reserved 2029568K, committed 264192K, used 124416K [0x0000000084200000, 0x0000000100000000)
  region size 1024K, 4 young (4096K), 4 survivors (4096K)
}
Event: 157.355 {heap Before GC invocations=45 (full 0):
 garbage-first heap   total reserved 2029568K, committed 264192K, used 239104K [0x0000000084200000, 0x0000000100000000)
  region size 1024K, 116 young (118784K), 4 survivors (4096K)
}
Event: 157.372 {heap After GC invocations=46 (full 0):
 garbage-first heap   total reserved 2029568K, committed 264192K, used 133071K [0x0000000084200000, 0x0000000100000000)
  region size 1024K, 11 young (11264K), 11 survivors (11264K)
}
Event: 162.381 {heap Before GC invocations=46 (full 0):
 garbage-first heap   total reserved 2029568K, committed 264192K, used 239567K [0x0000000084200000, 0x0000000100000000)
  region size 1024K, 115 young (117760K), 11 survivors (11264K)
}
Event: 162.406 {heap After GC invocations=47 (full 0):
 garbage-first heap   total reserved 2029568K, committed 264192K, used 134713K [0x0000000084200000, 0x0000000100000000)
  region size 1024K, 5 young (5120K), 5 survivors (5120K)
}
Event: 162.469 {heap Before GC invocations=47 (full 0):
 garbage-first heap   total reserved 2029568K, committed 264192K, used 138809K [0x0000000084200000, 0x0000000100000000)
  region size 1024K, 11 young (11264K), 5 survivors (5120K)
}
Event: 162.477 {heap After GC invocations=48 (full 0):
 garbage-first heap   total reserved 2029568K, committed 264192K, used 133113K [0x0000000084200000, 0x0000000100000000)
  region size 1024K, 5 young (5120K), 5 survivors (5120K)
}
Event: 188.648 {heap Before GC invocations=49 (full 0):
 garbage-first heap   total reserved 2029568K, committed 264192K, used 247801K [0x0000000084200000, 0x0000000100000000)
  region size 1024K, 114 young (116736K), 5 survivors (5120K)
}
Event: 188.664 {heap After GC invocations=50 (full 0):
 garbage-first heap   total reserved 2029568K, committed 264192K, used 138384K [0x0000000084200000, 0x0000000100000000)
  region size 1024K, 12 young (12288K), 12 survivors (12288K)
}
Event: 2836.846 {heap Before GC invocations=50 (full 0):
 garbage-first heap   total reserved 2029568K, committed 264192K, used 242832K [0x0000000084200000, 0x0000000100000000)
  region size 1024K, 115 young (117760K), 12 survivors (12288K)
}
Event: 2837.039 {heap After GC invocations=51 (full 0):
 garbage-first heap   total reserved 2029568K, committed 264192K, used 137138K [0x0000000084200000, 0x0000000100000000)
  region size 1024K, 4 young (4096K), 4 survivors (4096K)
}
Event: 4305.262 {heap Before GC invocations=51 (full 0):
 garbage-first heap   total reserved 2029568K, committed 264192K, used 167858K [0x0000000084200000, 0x0000000100000000)
  region size 1024K, 35 young (35840K), 4 survivors (4096K)
}
Event: 4308.870 {heap After GC invocations=52 (full 1):
 garbage-first heap   total reserved 2029568K, committed 264192K, used 104339K [0x0000000084200000, 0x0000000100000000)
  region size 1024K, 0 young (0K), 0 survivors (0K)
}
Event: 4615.474 {heap Before GC invocations=52 (full 1):
 garbage-first heap   total reserved 2029568K, committed 264192K, used 128915K [0x0000000084200000, 0x0000000100000000)
  region size 1024K, 25 young (25600K), 0 survivors (0K)
}
Event: 4615.482 {heap After GC invocations=53 (full 1):
 garbage-first heap   total reserved 2029568K, committed 264192K, used 106065K [0x0000000084200000, 0x0000000100000000)
  region size 1024K, 2 young (2048K), 2 survivors (2048K)
}
Event: 5536.927 {heap Before GC invocations=54 (full 1):
 garbage-first heap   total reserved 2029568K, committed 264192K, used 243281K [0x0000000084200000, 0x0000000100000000)
  region size 1024K, 135 young (138240K), 2 survivors (2048K)
}
Event: 5537.109 {heap After GC invocations=55 (full 1):
 garbage-first heap   total reserved 2029568K, committed 264192K, used 108665K [0x0000000084200000, 0x0000000100000000)
  region size 1024K, 4 young (4096K), 4 survivors (4096K)
}
Event: 16546.401 {heap Before GC invocations=55 (full 1):
 garbage-first heap   total reserved 2029568K, committed 264192K, used 170105K [0x0000000084200000, 0x0000000100000000)
  region size 1024K, 65 young (66560K), 4 survivors (4096K)
}
Event: 16547.767 {heap After GC invocations=56 (full 2):
 garbage-first heap   total reserved 2029568K, committed 264192K, used 106385K [0x0000000084200000, 0x0000000100000000)
  region size 1024K, 0 young (0K), 0 survivors (0K)
}

